/root/dev/HomeBudget_Dash/src/utl/db.py:60: UserWarning: pandas only supports SQLAlchemy connectable (engine/connection) or database string URI or sqlite3 DBAPI2 connection. Other DBAPI2 objects are not tested. Please consider using SQLAlchemy.
  results = pd.read_sql(select_query, conn)
Dash is running on http://0.0.0.0:2000/

 * Serving Flask app 'app'
 * Debug mode: on
/root/dev/HomeBudget_Dash/src/utl/db.py:60: UserWarning: pandas only supports SQLAlchemy connectable (engine/connection) or database string URI or sqlite3 DBAPI2 connection. Other DBAPI2 objects are not tested. Please consider using SQLAlchemy.
  results = pd.read_sql(select_query, conn)
/root/dev/HomeBudget_Dash/src/utl/db.py:28: UserWarning:

pandas only supports SQLAlchemy connectable (engine/connection) or database string URI or sqlite3 DBAPI2 connection. Other DBAPI2 objects are not tested. Please consider using SQLAlchemy.

/root/dev/HomeBudget_Dash/src/utl/db.py:28: UserWarning:

pandas only supports SQLAlchemy connectable (engine/connection) or database string URI or sqlite3 DBAPI2 connection. Other DBAPI2 objects are not tested. Please consider using SQLAlchemy.

/root/dev/HomeBudget_Dash/src/utl/db.py:47: UserWarning:

pandas only supports SQLAlchemy connectable (engine/connection) or database string URI or sqlite3 DBAPI2 connection. Other DBAPI2 objects are not tested. Please consider using SQLAlchemy.

/root/dev/HomeBudget_Dash/src/utl/db.py:60: UserWarning:

pandas only supports SQLAlchemy connectable (engine/connection) or database string URI or sqlite3 DBAPI2 connection. Other DBAPI2 objects are not tested. Please consider using SQLAlchemy.

/root/dev/HomeBudget_Dash/src/utl/db.py:60: UserWarning:

pandas only supports SQLAlchemy connectable (engine/connection) or database string URI or sqlite3 DBAPI2 connection. Other DBAPI2 objects are not tested. Please consider using SQLAlchemy.

/root/dev/HomeBudget_Dash/src/utl/db.py:60: UserWarning:

pandas only supports SQLAlchemy connectable (engine/connection) or database string URI or sqlite3 DBAPI2 connection. Other DBAPI2 objects are not tested. Please consider using SQLAlchemy.

/root/dev/HomeBudget_Dash/src/utl/db.py:60: UserWarning:

pandas only supports SQLAlchemy connectable (engine/connection) or database string URI or sqlite3 DBAPI2 connection. Other DBAPI2 objects are not tested. Please consider using SQLAlchemy.

/root/dev/HomeBudget_Dash/src/utl/db.py:60: UserWarning:

pandas only supports SQLAlchemy connectable (engine/connection) or database string URI or sqlite3 DBAPI2 connection. Other DBAPI2 objects are not tested. Please consider using SQLAlchemy.

/root/dev/HomeBudget_Dash/src/utl/db.py:60: UserWarning:

pandas only supports SQLAlchemy connectable (engine/connection) or database string URI or sqlite3 DBAPI2 connection. Other DBAPI2 objects are not tested. Please consider using SQLAlchemy.

/root/dev/HomeBudget_Dash/src/utl/db.py:60: UserWarning:

pandas only supports SQLAlchemy connectable (engine/connection) or database string URI or sqlite3 DBAPI2 connection. Other DBAPI2 objects are not tested. Please consider using SQLAlchemy.

/root/dev/HomeBudget_Dash/src/utl/db.py:60: UserWarning:

pandas only supports SQLAlchemy connectable (engine/connection) or database string URI or sqlite3 DBAPI2 connection. Other DBAPI2 objects are not tested. Please consider using SQLAlchemy.

/root/dev/HomeBudget_Dash/src/utl/db.py:60: UserWarning:

pandas only supports SQLAlchemy connectable (engine/connection) or database string URI or sqlite3 DBAPI2 connection. Other DBAPI2 objects are not tested. Please consider using SQLAlchemy.

/root/dev/HomeBudget_Dash/src/utl/db.py:60: UserWarning:

pandas only supports SQLAlchemy connectable (engine/connection) or database string URI or sqlite3 DBAPI2 connection. Other DBAPI2 objects are not tested. Please consider using SQLAlchemy.

/root/dev/HomeBudget_Dash/src/utl/db.py:60: UserWarning:

pandas only supports SQLAlchemy connectable (engine/connection) or database string URI or sqlite3 DBAPI2 connection. Other DBAPI2 objects are not tested. Please consider using SQLAlchemy.

/root/dev/HomeBudget_Dash/src/utl/db.py:28: UserWarning:

pandas only supports SQLAlchemy connectable (engine/connection) or database string URI or sqlite3 DBAPI2 connection. Other DBAPI2 objects are not tested. Please consider using SQLAlchemy.

/root/dev/HomeBudget_Dash/src/utl/db.py:60: UserWarning: pandas only supports SQLAlchemy connectable (engine/connection) or database string URI or sqlite3 DBAPI2 connection. Other DBAPI2 objects are not tested. Please consider using SQLAlchemy.
  results = pd.read_sql(select_query, conn)
Dash is running on http://0.0.0.0:2000/

 * Serving Flask app 'app'
 * Debug mode: on
/root/dev/HomeBudget_Dash/src/utl/db.py:60: UserWarning: pandas only supports SQLAlchemy connectable (engine/connection) or database string URI or sqlite3 DBAPI2 connection. Other DBAPI2 objects are not tested. Please consider using SQLAlchemy.
  results = pd.read_sql(select_query, conn)
89.64.59.0 - - [23/Oct/2023 15:15:27] code 400, message Bad request version ('\x02h2\x08http/1.1\x00-\x00\x02\x01\x01\x00')
89.64.59.0 - - [23/Oct/2023 15:15:28] code 400, message Bad request version ('::\x13\x01\x13\x02\x13\x03À+À/À,À0Ì©Ì¨À\x13À\x14\x00\x9c\x00\x9d\x00/\x005\x01\x00\x01\x93**\x00\x00\x00#\x00\x00\x00')
/root/dev/HomeBudget_Dash/src/utl/db.py:60: UserWarning: pandas only supports SQLAlchemy connectable (engine/connection) or database string URI or sqlite3 DBAPI2 connection. Other DBAPI2 objects are not tested. Please consider using SQLAlchemy.
  results = pd.read_sql(select_query, conn)
Dash is running on http://0.0.0.0:2000/

 * Serving Flask app 'app'
 * Debug mode: on
/root/dev/HomeBudget_Dash/src/utl/db.py:60: UserWarning: pandas only supports SQLAlchemy connectable (engine/connection) or database string URI or sqlite3 DBAPI2 connection. Other DBAPI2 objects are not tested. Please consider using SQLAlchemy.
  results = pd.read_sql(select_query, conn)
/root/dev/HomeBudget_Dash/src/utl/db.py:60: UserWarning: pandas only supports SQLAlchemy connectable (engine/connection) or database string URI or sqlite3 DBAPI2 connection. Other DBAPI2 objects are not tested. Please consider using SQLAlchemy.
  results = pd.read_sql(select_query, conn)
Dash is running on http://0.0.0.0:2000/

 * Serving Flask app 'app'
 * Debug mode: on
/root/dev/HomeBudget_Dash/src/utl/db.py:60: UserWarning: pandas only supports SQLAlchemy connectable (engine/connection) or database string URI or sqlite3 DBAPI2 connection. Other DBAPI2 objects are not tested. Please consider using SQLAlchemy.
  results = pd.read_sql(select_query, conn)
/root/dev/HomeBudget_Dash/src/utl/db.py:60: UserWarning: pandas only supports SQLAlchemy connectable (engine/connection) or database string URI or sqlite3 DBAPI2 connection. Other DBAPI2 objects are not tested. Please consider using SQLAlchemy.
  results = pd.read_sql(select_query, conn)
Dash is running on http://0.0.0.0:2000/

 * Serving Flask app 'app'
 * Debug mode: on
/root/dev/HomeBudget_Dash/src/utl/db.py:60: UserWarning: pandas only supports SQLAlchemy connectable (engine/connection) or database string URI or sqlite3 DBAPI2 connection. Other DBAPI2 objects are not tested. Please consider using SQLAlchemy.
  results = pd.read_sql(select_query, conn)
/root/dev/HomeBudget_Dash/src/utl/db.py:60: UserWarning: pandas only supports SQLAlchemy connectable (engine/connection) or database string URI or sqlite3 DBAPI2 connection. Other DBAPI2 objects are not tested. Please consider using SQLAlchemy.
  results = pd.read_sql(select_query, conn)
Dash is running on http://0.0.0.0:2000/

 * Serving Flask app 'app'
 * Debug mode: on
/root/dev/HomeBudget_Dash/src/utl/db.py:60: UserWarning: pandas only supports SQLAlchemy connectable (engine/connection) or database string URI or sqlite3 DBAPI2 connection. Other DBAPI2 objects are not tested. Please consider using SQLAlchemy.
  results = pd.read_sql(select_query, conn)
/root/dev/HomeBudget_Dash/src/utl/db.py:28: UserWarning:

pandas only supports SQLAlchemy connectable (engine/connection) or database string URI or sqlite3 DBAPI2 connection. Other DBAPI2 objects are not tested. Please consider using SQLAlchemy.

192.241.235.22 - - [24/Oct/2023 13:17:35] code 400, message Bad request syntax ('MGLNDD_185.201.115.217_2000')
43.131.23.30 - - [24/Oct/2023 14:28:15] code 400, message Bad request version ('À\x13À')
64.62.197.182 - - [24/Oct/2023 16:23:24] code 400, message Bad request syntax ('\x00')
167.94.145.55 - - [25/Oct/2023 04:59:16] code 400, message Bad request version ('À\x14À')
167.94.145.55 - - [25/Oct/2023 04:59:17] code 505, message Invalid HTTP version (2.0)
162.243.135.32 - - [25/Oct/2023 10:24:06] code 400, message Bad request syntax ('MGLNDD_185.201.115.217_2000')
167.94.138.52 - - [25/Oct/2023 10:41:38] code 400, message Bad request version ('À\x14À')
167.94.138.52 - - [25/Oct/2023 10:41:40] code 505, message Invalid HTTP version (2.0)
138.68.208.48 - - [25/Oct/2023 10:54:27] code 400, message Bad request version ('\x00\x00\x00ñ{\x05d\x05É')
64.62.197.74 - - [25/Oct/2023 11:03:05] code 400, message Bad request syntax ('\x00')
/root/dev/HomeBudget_Dash/src/utl/db.py:28: UserWarning:

pandas only supports SQLAlchemy connectable (engine/connection) or database string URI or sqlite3 DBAPI2 connection. Other DBAPI2 objects are not tested. Please consider using SQLAlchemy.

/root/dev/HomeBudget_Dash/src/utl/db.py:47: UserWarning:

pandas only supports SQLAlchemy connectable (engine/connection) or database string URI or sqlite3 DBAPI2 connection. Other DBAPI2 objects are not tested. Please consider using SQLAlchemy.

/root/dev/HomeBudget_Dash/src/utl/db.py:60: UserWarning:

pandas only supports SQLAlchemy connectable (engine/connection) or database string URI or sqlite3 DBAPI2 connection. Other DBAPI2 objects are not tested. Please consider using SQLAlchemy.

/root/dev/HomeBudget_Dash/src/utl/db.py:60: UserWarning:

pandas only supports SQLAlchemy connectable (engine/connection) or database string URI or sqlite3 DBAPI2 connection. Other DBAPI2 objects are not tested. Please consider using SQLAlchemy.

/root/dev/HomeBudget_Dash/src/utl/db.py:60: UserWarning:

pandas only supports SQLAlchemy connectable (engine/connection) or database string URI or sqlite3 DBAPI2 connection. Other DBAPI2 objects are not tested. Please consider using SQLAlchemy.

/root/dev/HomeBudget_Dash/src/utl/db.py:60: UserWarning:

pandas only supports SQLAlchemy connectable (engine/connection) or database string URI or sqlite3 DBAPI2 connection. Other DBAPI2 objects are not tested. Please consider using SQLAlchemy.

/root/dev/HomeBudget_Dash/src/utl/db.py:60: UserWarning:

pandas only supports SQLAlchemy connectable (engine/connection) or database string URI or sqlite3 DBAPI2 connection. Other DBAPI2 objects are not tested. Please consider using SQLAlchemy.

/root/dev/HomeBudget_Dash/src/utl/db.py:60: UserWarning:

pandas only supports SQLAlchemy connectable (engine/connection) or database string URI or sqlite3 DBAPI2 connection. Other DBAPI2 objects are not tested. Please consider using SQLAlchemy.

/root/dev/HomeBudget_Dash/src/utl/db.py:60: UserWarning:

pandas only supports SQLAlchemy connectable (engine/connection) or database string URI or sqlite3 DBAPI2 connection. Other DBAPI2 objects are not tested. Please consider using SQLAlchemy.

/root/dev/HomeBudget_Dash/src/utl/db.py:60: UserWarning:

pandas only supports SQLAlchemy connectable (engine/connection) or database string URI or sqlite3 DBAPI2 connection. Other DBAPI2 objects are not tested. Please consider using SQLAlchemy.

/root/dev/HomeBudget_Dash/src/utl/db.py:60: UserWarning:

pandas only supports SQLAlchemy connectable (engine/connection) or database string URI or sqlite3 DBAPI2 connection. Other DBAPI2 objects are not tested. Please consider using SQLAlchemy.

/root/dev/HomeBudget_Dash/src/utl/db.py:60: UserWarning:

pandas only supports SQLAlchemy connectable (engine/connection) or database string URI or sqlite3 DBAPI2 connection. Other DBAPI2 objects are not tested. Please consider using SQLAlchemy.

/root/dev/HomeBudget_Dash/src/utl/db.py:60: UserWarning:

pandas only supports SQLAlchemy connectable (engine/connection) or database string URI or sqlite3 DBAPI2 connection. Other DBAPI2 objects are not tested. Please consider using SQLAlchemy.

/root/dev/HomeBudget_Dash/src/utl/db.py:60: UserWarning:

pandas only supports SQLAlchemy connectable (engine/connection) or database string URI or sqlite3 DBAPI2 connection. Other DBAPI2 objects are not tested. Please consider using SQLAlchemy.

/root/dev/HomeBudget_Dash/src/utl/db.py:60: UserWarning:

pandas only supports SQLAlchemy connectable (engine/connection) or database string URI or sqlite3 DBAPI2 connection. Other DBAPI2 objects are not tested. Please consider using SQLAlchemy.

/root/dev/HomeBudget_Dash/src/utl/db.py:60: UserWarning:

pandas only supports SQLAlchemy connectable (engine/connection) or database string URI or sqlite3 DBAPI2 connection. Other DBAPI2 objects are not tested. Please consider using SQLAlchemy.

194.165.16.76 - - [25/Oct/2023 15:27:01] code 400, message Bad HTTP/0.9 request type ('\x03\x00\x00/*à\x00\x00\x00\x00\x00Cookie:')
161.189.134.11 - - [25/Oct/2023 19:35:18] code 400, message Bad request syntax ('AG\x01\x01\x00\x00\x00\x00\x00')
212.70.149.142 - - [25/Oct/2023 21:04:04] code 400, message Bad HTTP/0.9 request type ('\x03\x00\x00/*à\x00\x00\x00\x00\x00Cookie:')
162.142.125.213 - - [26/Oct/2023 02:32:18] code 400, message Bad request version ('À\x14À')
162.142.125.213 - - [26/Oct/2023 02:32:20] code 505, message Invalid HTTP version (2.0)
194.165.16.76 - - [26/Oct/2023 13:32:12] code 400, message Bad HTTP/0.9 request type ('\x03\x00\x00/*à\x00\x00\x00\x00\x00Cookie:')
162.243.145.22 - - [26/Oct/2023 17:28:46] code 400, message Bad request syntax ('MGLNDD_185.201.115.217_2000')
184.105.247.248 - - [26/Oct/2023 18:40:52] code 400, message Bad request syntax ('\x00')
192.241.219.26 - - [26/Oct/2023 19:19:05] code 400, message Bad request version ('\x00\x00\x00ñ{\x05d\x05É')
167.248.133.126 - - [27/Oct/2023 04:37:02] code 400, message Bad request version ('À\x14À')
167.248.133.126 - - [27/Oct/2023 04:37:04] code 505, message Invalid HTTP version (2.0)
167.94.146.59 - - [27/Oct/2023 05:47:41] code 400, message Bad request version ('À\x14À')
167.94.146.59 - - [27/Oct/2023 05:47:43] code 505, message Invalid HTTP version (2.0)
194.165.16.10 - - [27/Oct/2023 11:00:25] code 400, message Bad HTTP/0.9 request type ('\x03\x00\x00/*à\x00\x00\x00\x00\x00Cookie:')
65.49.20.97 - - [27/Oct/2023 18:21:09] code 400, message Bad request syntax ('\x00')
198.199.116.120 - - [27/Oct/2023 20:00:05] code 400, message Bad request syntax ('MGLNDD_185.201.115.217_2000')
211.254.152.226 - - [27/Oct/2023 21:48:27] code 400, message Bad request syntax ('\x03\x00\x00\x13\x0eà\x00\x00\x00\x00\x00\x01\x00\x08\x00\x03\x00\x00\x00')
198.199.115.10 - - [28/Oct/2023 01:17:20] code 400, message Bad request version ('\x00\x00\x00ñ{\x05d\x05É')
212.70.149.146 - - [28/Oct/2023 10:03:34] code 400, message Bad HTTP/0.9 request type ('\x03\x00\x00/*à\x00\x00\x00\x00\x00Cookie:')
212.70.149.146 - - [28/Oct/2023 10:34:27] code 400, message Bad HTTP/0.9 request type ('\x03\x00\x00/*à\x00\x00\x00\x00\x00Cookie:')
212.70.149.146 - - [28/Oct/2023 11:04:31] code 400, message Bad HTTP/0.9 request type ('\x03\x00\x00/*à\x00\x00\x00\x00\x00Cookie:')
184.105.247.208 - - [28/Oct/2023 18:57:35] code 400, message Bad request syntax ('\x00')
162.243.142.48 - - [29/Oct/2023 01:23:25] code 400, message Bad request syntax ('MGLNDD_185.201.115.217_2000')
167.94.138.35 - - [29/Oct/2023 08:07:50] code 505, message Invalid HTTP version (2.0)
/root/dev/HomeBudget_Dash/src/utl/db.py:28: UserWarning:

pandas only supports SQLAlchemy connectable (engine/connection) or database string URI or sqlite3 DBAPI2 connection. Other DBAPI2 objects are not tested. Please consider using SQLAlchemy.

/root/dev/HomeBudget_Dash/src/utl/db.py:47: UserWarning:

pandas only supports SQLAlchemy connectable (engine/connection) or database string URI or sqlite3 DBAPI2 connection. Other DBAPI2 objects are not tested. Please consider using SQLAlchemy.

/root/dev/HomeBudget_Dash/src/utl/db.py:60: UserWarning:

pandas only supports SQLAlchemy connectable (engine/connection) or database string URI or sqlite3 DBAPI2 connection. Other DBAPI2 objects are not tested. Please consider using SQLAlchemy.

/root/dev/HomeBudget_Dash/src/utl/db.py:60: UserWarning:

pandas only supports SQLAlchemy connectable (engine/connection) or database string URI or sqlite3 DBAPI2 connection. Other DBAPI2 objects are not tested. Please consider using SQLAlchemy.

/root/dev/HomeBudget_Dash/src/utl/db.py:60: UserWarning:

pandas only supports SQLAlchemy connectable (engine/connection) or database string URI or sqlite3 DBAPI2 connection. Other DBAPI2 objects are not tested. Please consider using SQLAlchemy.

/root/dev/HomeBudget_Dash/src/utl/db.py:60: UserWarning:

pandas only supports SQLAlchemy connectable (engine/connection) or database string URI or sqlite3 DBAPI2 connection. Other DBAPI2 objects are not tested. Please consider using SQLAlchemy.

/root/dev/HomeBudget_Dash/src/utl/db.py:60: UserWarning:

pandas only supports SQLAlchemy connectable (engine/connection) or database string URI or sqlite3 DBAPI2 connection. Other DBAPI2 objects are not tested. Please consider using SQLAlchemy.

/root/dev/HomeBudget_Dash/src/utl/db.py:60: UserWarning:

pandas only supports SQLAlchemy connectable (engine/connection) or database string URI or sqlite3 DBAPI2 connection. Other DBAPI2 objects are not tested. Please consider using SQLAlchemy.

/root/dev/HomeBudget_Dash/src/utl/db.py:60: UserWarning:

pandas only supports SQLAlchemy connectable (engine/connection) or database string URI or sqlite3 DBAPI2 connection. Other DBAPI2 objects are not tested. Please consider using SQLAlchemy.

/root/dev/HomeBudget_Dash/src/utl/db.py:28: UserWarning:

pandas only supports SQLAlchemy connectable (engine/connection) or database string URI or sqlite3 DBAPI2 connection. Other DBAPI2 objects are not tested. Please consider using SQLAlchemy.

162.243.132.34 - - [29/Oct/2023 13:12:21] code 400, message Bad request version ('\x00\x00\x00ñ{\x05d\x05É')
65.49.1.95 - - [29/Oct/2023 14:21:30] code 400, message Bad request syntax ('\x00')
/root/dev/HomeBudget_Dash/src/utl/db.py:47: UserWarning:

pandas only supports SQLAlchemy connectable (engine/connection) or database string URI or sqlite3 DBAPI2 connection. Other DBAPI2 objects are not tested. Please consider using SQLAlchemy.

/root/dev/HomeBudget_Dash/src/utl/db.py:60: UserWarning:

pandas only supports SQLAlchemy connectable (engine/connection) or database string URI or sqlite3 DBAPI2 connection. Other DBAPI2 objects are not tested. Please consider using SQLAlchemy.

/root/dev/HomeBudget_Dash/src/utl/db.py:60: UserWarning:

pandas only supports SQLAlchemy connectable (engine/connection) or database string URI or sqlite3 DBAPI2 connection. Other DBAPI2 objects are not tested. Please consider using SQLAlchemy.

/root/dev/HomeBudget_Dash/src/utl/db.py:60: UserWarning:

pandas only supports SQLAlchemy connectable (engine/connection) or database string URI or sqlite3 DBAPI2 connection. Other DBAPI2 objects are not tested. Please consider using SQLAlchemy.

/root/dev/HomeBudget_Dash/src/utl/db.py:60: UserWarning:

pandas only supports SQLAlchemy connectable (engine/connection) or database string URI or sqlite3 DBAPI2 connection. Other DBAPI2 objects are not tested. Please consider using SQLAlchemy.

/root/dev/HomeBudget_Dash/src/utl/db.py:60: UserWarning:

pandas only supports SQLAlchemy connectable (engine/connection) or database string URI or sqlite3 DBAPI2 connection. Other DBAPI2 objects are not tested. Please consider using SQLAlchemy.

/root/dev/HomeBudget_Dash/src/utl/db.py:60: UserWarning:

pandas only supports SQLAlchemy connectable (engine/connection) or database string URI or sqlite3 DBAPI2 connection. Other DBAPI2 objects are not tested. Please consider using SQLAlchemy.

/root/dev/HomeBudget_Dash/src/utl/db.py:60: UserWarning:

pandas only supports SQLAlchemy connectable (engine/connection) or database string URI or sqlite3 DBAPI2 connection. Other DBAPI2 objects are not tested. Please consider using SQLAlchemy.

/root/dev/HomeBudget_Dash/src/utl/db.py:60: UserWarning:

pandas only supports SQLAlchemy connectable (engine/connection) or database string URI or sqlite3 DBAPI2 connection. Other DBAPI2 objects are not tested. Please consider using SQLAlchemy.

/root/dev/HomeBudget_Dash/src/utl/db.py:60: UserWarning:

pandas only supports SQLAlchemy connectable (engine/connection) or database string URI or sqlite3 DBAPI2 connection. Other DBAPI2 objects are not tested. Please consider using SQLAlchemy.

/root/dev/HomeBudget_Dash/src/utl/db.py:60: UserWarning:

pandas only supports SQLAlchemy connectable (engine/connection) or database string URI or sqlite3 DBAPI2 connection. Other DBAPI2 objects are not tested. Please consider using SQLAlchemy.

/root/dev/HomeBudget_Dash/src/utl/db.py:60: UserWarning:

pandas only supports SQLAlchemy connectable (engine/connection) or database string URI or sqlite3 DBAPI2 connection. Other DBAPI2 objects are not tested. Please consider using SQLAlchemy.

/root/dev/HomeBudget_Dash/src/utl/db.py:60: UserWarning:

pandas only supports SQLAlchemy connectable (engine/connection) or database string URI or sqlite3 DBAPI2 connection. Other DBAPI2 objects are not tested. Please consider using SQLAlchemy.

/root/dev/HomeBudget_Dash/src/utl/db.py:60: UserWarning:

pandas only supports SQLAlchemy connectable (engine/connection) or database string URI or sqlite3 DBAPI2 connection. Other DBAPI2 objects are not tested. Please consider using SQLAlchemy.

/root/dev/HomeBudget_Dash/src/utl/db.py:60: UserWarning:

pandas only supports SQLAlchemy connectable (engine/connection) or database string URI or sqlite3 DBAPI2 connection. Other DBAPI2 objects are not tested. Please consider using SQLAlchemy.

/root/dev/HomeBudget_Dash/src/utl/db.py:60: UserWarning:

pandas only supports SQLAlchemy connectable (engine/connection) or database string URI or sqlite3 DBAPI2 connection. Other DBAPI2 objects are not tested. Please consider using SQLAlchemy.

/root/dev/HomeBudget_Dash/src/utl/db.py:60: UserWarning:

pandas only supports SQLAlchemy connectable (engine/connection) or database string URI or sqlite3 DBAPI2 connection. Other DBAPI2 objects are not tested. Please consider using SQLAlchemy.

/root/dev/HomeBudget_Dash/src/utl/db.py:60: UserWarning:

pandas only supports SQLAlchemy connectable (engine/connection) or database string URI or sqlite3 DBAPI2 connection. Other DBAPI2 objects are not tested. Please consider using SQLAlchemy.

/root/dev/HomeBudget_Dash/src/utl/db.py:60: UserWarning:

pandas only supports SQLAlchemy connectable (engine/connection) or database string URI or sqlite3 DBAPI2 connection. Other DBAPI2 objects are not tested. Please consider using SQLAlchemy.

/root/dev/HomeBudget_Dash/src/utl/db.py:60: UserWarning:

pandas only supports SQLAlchemy connectable (engine/connection) or database string URI or sqlite3 DBAPI2 connection. Other DBAPI2 objects are not tested. Please consider using SQLAlchemy.

/root/dev/HomeBudget_Dash/src/utl/db.py:60: UserWarning:

pandas only supports SQLAlchemy connectable (engine/connection) or database string URI or sqlite3 DBAPI2 connection. Other DBAPI2 objects are not tested. Please consider using SQLAlchemy.

/root/dev/HomeBudget_Dash/src/utl/db.py:60: UserWarning:

pandas only supports SQLAlchemy connectable (engine/connection) or database string URI or sqlite3 DBAPI2 connection. Other DBAPI2 objects are not tested. Please consider using SQLAlchemy.

/root/dev/HomeBudget_Dash/src/utl/db.py:60: UserWarning:

pandas only supports SQLAlchemy connectable (engine/connection) or database string URI or sqlite3 DBAPI2 connection. Other DBAPI2 objects are not tested. Please consider using SQLAlchemy.

/root/dev/HomeBudget_Dash/src/utl/db.py:60: UserWarning:

pandas only supports SQLAlchemy connectable (engine/connection) or database string URI or sqlite3 DBAPI2 connection. Other DBAPI2 objects are not tested. Please consider using SQLAlchemy.

/root/dev/HomeBudget_Dash/src/utl/db.py:60: UserWarning:

pandas only supports SQLAlchemy connectable (engine/connection) or database string URI or sqlite3 DBAPI2 connection. Other DBAPI2 objects are not tested. Please consider using SQLAlchemy.

/root/dev/HomeBudget_Dash/src/utl/db.py:60: UserWarning:

pandas only supports SQLAlchemy connectable (engine/connection) or database string URI or sqlite3 DBAPI2 connection. Other DBAPI2 objects are not tested. Please consider using SQLAlchemy.

/root/dev/HomeBudget_Dash/src/utl/db.py:60: UserWarning:

pandas only supports SQLAlchemy connectable (engine/connection) or database string URI or sqlite3 DBAPI2 connection. Other DBAPI2 objects are not tested. Please consider using SQLAlchemy.

/root/dev/HomeBudget_Dash/src/utl/db.py:60: UserWarning:

pandas only supports SQLAlchemy connectable (engine/connection) or database string URI or sqlite3 DBAPI2 connection. Other DBAPI2 objects are not tested. Please consider using SQLAlchemy.

/root/dev/HomeBudget_Dash/src/utl/db.py:60: UserWarning:

pandas only supports SQLAlchemy connectable (engine/connection) or database string URI or sqlite3 DBAPI2 connection. Other DBAPI2 objects are not tested. Please consider using SQLAlchemy.

/root/dev/HomeBudget_Dash/src/utl/db.py:60: UserWarning:

pandas only supports SQLAlchemy connectable (engine/connection) or database string URI or sqlite3 DBAPI2 connection. Other DBAPI2 objects are not tested. Please consider using SQLAlchemy.

/root/dev/HomeBudget_Dash/src/utl/db.py:60: UserWarning:

pandas only supports SQLAlchemy connectable (engine/connection) or database string URI or sqlite3 DBAPI2 connection. Other DBAPI2 objects are not tested. Please consider using SQLAlchemy.

/root/dev/HomeBudget_Dash/src/utl/db.py:60: UserWarning:

pandas only supports SQLAlchemy connectable (engine/connection) or database string URI or sqlite3 DBAPI2 connection. Other DBAPI2 objects are not tested. Please consider using SQLAlchemy.

/root/dev/HomeBudget_Dash/src/utl/db.py:60: UserWarning:

pandas only supports SQLAlchemy connectable (engine/connection) or database string URI or sqlite3 DBAPI2 connection. Other DBAPI2 objects are not tested. Please consider using SQLAlchemy.

/root/dev/HomeBudget_Dash/src/utl/db.py:60: UserWarning:

pandas only supports SQLAlchemy connectable (engine/connection) or database string URI or sqlite3 DBAPI2 connection. Other DBAPI2 objects are not tested. Please consider using SQLAlchemy.

/root/dev/HomeBudget_Dash/src/utl/db.py:60: UserWarning:

pandas only supports SQLAlchemy connectable (engine/connection) or database string URI or sqlite3 DBAPI2 connection. Other DBAPI2 objects are not tested. Please consider using SQLAlchemy.

/root/dev/HomeBudget_Dash/src/utl/db.py:60: UserWarning:

pandas only supports SQLAlchemy connectable (engine/connection) or database string URI or sqlite3 DBAPI2 connection. Other DBAPI2 objects are not tested. Please consider using SQLAlchemy.

/root/dev/HomeBudget_Dash/src/utl/db.py:60: UserWarning:

pandas only supports SQLAlchemy connectable (engine/connection) or database string URI or sqlite3 DBAPI2 connection. Other DBAPI2 objects are not tested. Please consider using SQLAlchemy.

/root/dev/HomeBudget_Dash/src/utl/db.py:28: UserWarning:

pandas only supports SQLAlchemy connectable (engine/connection) or database string URI or sqlite3 DBAPI2 connection. Other DBAPI2 objects are not tested. Please consider using SQLAlchemy.

/root/dev/HomeBudget_Dash/src/utl/db.py:47: UserWarning:

pandas only supports SQLAlchemy connectable (engine/connection) or database string URI or sqlite3 DBAPI2 connection. Other DBAPI2 objects are not tested. Please consider using SQLAlchemy.

/root/dev/HomeBudget_Dash/src/utl/db.py:60: UserWarning:

pandas only supports SQLAlchemy connectable (engine/connection) or database string URI or sqlite3 DBAPI2 connection. Other DBAPI2 objects are not tested. Please consider using SQLAlchemy.

/root/dev/HomeBudget_Dash/src/utl/db.py:60: UserWarning:

pandas only supports SQLAlchemy connectable (engine/connection) or database string URI or sqlite3 DBAPI2 connection. Other DBAPI2 objects are not tested. Please consider using SQLAlchemy.

/root/dev/HomeBudget_Dash/src/utl/db.py:60: UserWarning:

pandas only supports SQLAlchemy connectable (engine/connection) or database string URI or sqlite3 DBAPI2 connection. Other DBAPI2 objects are not tested. Please consider using SQLAlchemy.

/root/dev/HomeBudget_Dash/src/utl/db.py:60: UserWarning:

pandas only supports SQLAlchemy connectable (engine/connection) or database string URI or sqlite3 DBAPI2 connection. Other DBAPI2 objects are not tested. Please consider using SQLAlchemy.

/root/dev/HomeBudget_Dash/src/utl/db.py:28: UserWarning:

pandas only supports SQLAlchemy connectable (engine/connection) or database string URI or sqlite3 DBAPI2 connection. Other DBAPI2 objects are not tested. Please consider using SQLAlchemy.

/root/dev/HomeBudget_Dash/src/utl/db.py:47: UserWarning:

pandas only supports SQLAlchemy connectable (engine/connection) or database string URI or sqlite3 DBAPI2 connection. Other DBAPI2 objects are not tested. Please consider using SQLAlchemy.

/root/dev/HomeBudget_Dash/src/utl/db.py:60: UserWarning:

pandas only supports SQLAlchemy connectable (engine/connection) or database string URI or sqlite3 DBAPI2 connection. Other DBAPI2 objects are not tested. Please consider using SQLAlchemy.

/root/dev/HomeBudget_Dash/src/utl/db.py:60: UserWarning:

pandas only supports SQLAlchemy connectable (engine/connection) or database string URI or sqlite3 DBAPI2 connection. Other DBAPI2 objects are not tested. Please consider using SQLAlchemy.

/root/dev/HomeBudget_Dash/src/utl/db.py:60: UserWarning:

pandas only supports SQLAlchemy connectable (engine/connection) or database string URI or sqlite3 DBAPI2 connection. Other DBAPI2 objects are not tested. Please consider using SQLAlchemy.

/root/dev/HomeBudget_Dash/src/utl/db.py:60: UserWarning:

pandas only supports SQLAlchemy connectable (engine/connection) or database string URI or sqlite3 DBAPI2 connection. Other DBAPI2 objects are not tested. Please consider using SQLAlchemy.

/root/dev/HomeBudget_Dash/src/utl/db.py:60: UserWarning:

pandas only supports SQLAlchemy connectable (engine/connection) or database string URI or sqlite3 DBAPI2 connection. Other DBAPI2 objects are not tested. Please consider using SQLAlchemy.

162.142.125.13 - - [29/Oct/2023 23:19:25] code 400, message Bad request version ('À\x14À')
162.142.125.13 - - [29/Oct/2023 23:19:27] code 505, message Invalid HTTP version (2.0)
185.233.19.144 - - [30/Oct/2023 02:19:12] code 400, message Bad request syntax ('HELLOKETTLE')
185.233.19.144 - - [30/Oct/2023 02:19:32] code 400, message Bad request syntax ('\x12\x02index\x00\x00\x00\x00\x00\x00\x00ÿí\x00\x00\x00\x00')
185.233.19.144 - - [30/Oct/2023 02:19:32] code 400, message Bad request version ('À\x13À')
185.233.19.144 - - [30/Oct/2023 02:19:33] code 400, message Bad request version ('À\x13À')
85.215.186.128 - - [30/Oct/2023 03:45:37] code 400, message Bad request syntax ('\x03\x00\x00\x13\x0eà\x00\x00\x00\x00\x00\x01\x00\x08\x00\x03\x00\x00\x00')
198.199.110.11 - - [30/Oct/2023 05:35:36] code 400, message Bad request syntax ('MGLNDD_185.201.115.217_2000')
167.94.138.124 - - [30/Oct/2023 07:09:37] code 400, message Bad request version ('\x04ö\x94e\x84ÖH\x18O')
167.94.138.124 - - [30/Oct/2023 07:09:39] code 505, message Invalid HTTP version (2.0)
178.79.139.171 - - [30/Oct/2023 07:23:00] code 400, message Bad request syntax ('\x16\x03\x00\x00S\x01\x00\x00O\x03\x00?G×÷º,îê²`~ó\x00ý\x82{¹Õ\x96Èw\x9bæÄÛ<=Ûoï\x10n\x00\x00(\x00\x16\x00\x13\x00')
178.79.139.171 - - [30/Oct/2023 07:23:02] code 400, message Bad HTTP/0.9 request type ('\x80\x9e\x01\x03\x01\x00u\x00\x00\x00')
178.79.139.171 - - [30/Oct/2023 07:23:38] code 400, message Bad request syntax ('\x0e\x00\x00\x00\x00\x00\x00\x00\x00\x00\x00\x00\x00\x00\x00\x00bbbb0100000001')
/root/dev/HomeBudget_Dash/src/utl/db.py:28: UserWarning:

pandas only supports SQLAlchemy connectable (engine/connection) or database string URI or sqlite3 DBAPI2 connection. Other DBAPI2 objects are not tested. Please consider using SQLAlchemy.

/root/dev/HomeBudget_Dash/src/utl/db.py:47: UserWarning:

pandas only supports SQLAlchemy connectable (engine/connection) or database string URI or sqlite3 DBAPI2 connection. Other DBAPI2 objects are not tested. Please consider using SQLAlchemy.

/root/dev/HomeBudget_Dash/src/utl/db.py:60: UserWarning:

pandas only supports SQLAlchemy connectable (engine/connection) or database string URI or sqlite3 DBAPI2 connection. Other DBAPI2 objects are not tested. Please consider using SQLAlchemy.

/root/dev/HomeBudget_Dash/src/utl/db.py:60: UserWarning:

pandas only supports SQLAlchemy connectable (engine/connection) or database string URI or sqlite3 DBAPI2 connection. Other DBAPI2 objects are not tested. Please consider using SQLAlchemy.

/root/dev/HomeBudget_Dash/src/utl/db.py:60: UserWarning:

pandas only supports SQLAlchemy connectable (engine/connection) or database string URI or sqlite3 DBAPI2 connection. Other DBAPI2 objects are not tested. Please consider using SQLAlchemy.

/root/dev/HomeBudget_Dash/src/utl/db.py:60: UserWarning:

pandas only supports SQLAlchemy connectable (engine/connection) or database string URI or sqlite3 DBAPI2 connection. Other DBAPI2 objects are not tested. Please consider using SQLAlchemy.

/root/dev/HomeBudget_Dash/src/utl/db.py:60: UserWarning:

pandas only supports SQLAlchemy connectable (engine/connection) or database string URI or sqlite3 DBAPI2 connection. Other DBAPI2 objects are not tested. Please consider using SQLAlchemy.

71.6.146.130 - - [30/Oct/2023 12:59:17] code 400, message Bad request syntax ('HELLOKETTLE')
183.136.225.42 - - [30/Oct/2023 14:27:31] code 400, message Bad request syntax ('cAx\x06/login')
64.62.197.162 - - [30/Oct/2023 16:31:12] code 400, message Bad request syntax ('\x00')
107.170.252.56 - - [30/Oct/2023 20:09:22] code 400, message Bad request version ('\x00\x00\x00ñ{\x05d\x05É')
179.60.147.13 - - [31/Oct/2023 01:46:13] code 400, message Bad HTTP/0.9 request type ('\x03\x00\x00/*à\x00\x00\x00\x00\x00Cookie:')
198.199.111.152 - - [31/Oct/2023 08:46:58] code 400, message Bad request version ('\x00\x00\x00ñ{\x05d\x05É')
167.94.145.55 - - [31/Oct/2023 11:03:27] code 400, message Bad request version ('À\x14À')
167.94.145.55 - - [31/Oct/2023 11:03:28] code 505, message Invalid HTTP version (2.0)
64.62.197.228 - - [31/Oct/2023 12:50:10] code 400, message Bad request syntax ('\x00')
192.241.238.39 - - [31/Oct/2023 16:08:10] code 400, message Bad request syntax ('MGLNDD_185.201.115.217_2000')
/root/dev/HomeBudget_Dash/src/utl/db.py:28: UserWarning:

pandas only supports SQLAlchemy connectable (engine/connection) or database string URI or sqlite3 DBAPI2 connection. Other DBAPI2 objects are not tested. Please consider using SQLAlchemy.

/root/dev/HomeBudget_Dash/src/utl/db.py:60: UserWarning: pandas only supports SQLAlchemy connectable (engine/connection) or database string URI or sqlite3 DBAPI2 connection. Other DBAPI2 objects are not tested. Please consider using SQLAlchemy.
  results = pd.read_sql(select_query, conn)
/root/dev/HomeBudget_Dash/src/utl/db.py:28: UserWarning:

pandas only supports SQLAlchemy connectable (engine/connection) or database string URI or sqlite3 DBAPI2 connection. Other DBAPI2 objects are not tested. Please consider using SQLAlchemy.

/root/dev/HomeBudget_Dash/src/utl/db.py:60: UserWarning: pandas only supports SQLAlchemy connectable (engine/connection) or database string URI or sqlite3 DBAPI2 connection. Other DBAPI2 objects are not tested. Please consider using SQLAlchemy.
  results = pd.read_sql(select_query, conn)
/root/dev/HomeBudget_Dash/src/utl/db.py:28: UserWarning:

pandas only supports SQLAlchemy connectable (engine/connection) or database string URI or sqlite3 DBAPI2 connection. Other DBAPI2 objects are not tested. Please consider using SQLAlchemy.

/root/dev/HomeBudget_Dash/src/utl/db.py:28: UserWarning:

pandas only supports SQLAlchemy connectable (engine/connection) or database string URI or sqlite3 DBAPI2 connection. Other DBAPI2 objects are not tested. Please consider using SQLAlchemy.

/root/dev/HomeBudget_Dash/src/utl/db.py:47: UserWarning:

pandas only supports SQLAlchemy connectable (engine/connection) or database string URI or sqlite3 DBAPI2 connection. Other DBAPI2 objects are not tested. Please consider using SQLAlchemy.

/root/dev/HomeBudget_Dash/src/utl/db.py:60: UserWarning:

pandas only supports SQLAlchemy connectable (engine/connection) or database string URI or sqlite3 DBAPI2 connection. Other DBAPI2 objects are not tested. Please consider using SQLAlchemy.

/root/dev/HomeBudget_Dash/src/utl/db.py:60: UserWarning:

pandas only supports SQLAlchemy connectable (engine/connection) or database string URI or sqlite3 DBAPI2 connection. Other DBAPI2 objects are not tested. Please consider using SQLAlchemy.

/root/dev/HomeBudget_Dash/src/utl/db.py:60: UserWarning:

pandas only supports SQLAlchemy connectable (engine/connection) or database string URI or sqlite3 DBAPI2 connection. Other DBAPI2 objects are not tested. Please consider using SQLAlchemy.

/root/dev/HomeBudget_Dash/src/utl/db.py:60: UserWarning:

pandas only supports SQLAlchemy connectable (engine/connection) or database string URI or sqlite3 DBAPI2 connection. Other DBAPI2 objects are not tested. Please consider using SQLAlchemy.

/root/dev/HomeBudget_Dash/src/utl/db.py:60: UserWarning:

pandas only supports SQLAlchemy connectable (engine/connection) or database string URI or sqlite3 DBAPI2 connection. Other DBAPI2 objects are not tested. Please consider using SQLAlchemy.

/root/dev/HomeBudget_Dash/src/utl/db.py:28: UserWarning:

pandas only supports SQLAlchemy connectable (engine/connection) or database string URI or sqlite3 DBAPI2 connection. Other DBAPI2 objects are not tested. Please consider using SQLAlchemy.

/root/dev/HomeBudget_Dash/src/utl/db.py:47: UserWarning:

pandas only supports SQLAlchemy connectable (engine/connection) or database string URI or sqlite3 DBAPI2 connection. Other DBAPI2 objects are not tested. Please consider using SQLAlchemy.

/root/dev/HomeBudget_Dash/src/utl/db.py:60: UserWarning:

pandas only supports SQLAlchemy connectable (engine/connection) or database string URI or sqlite3 DBAPI2 connection. Other DBAPI2 objects are not tested. Please consider using SQLAlchemy.

/root/dev/HomeBudget_Dash/src/utl/db.py:60: UserWarning:

pandas only supports SQLAlchemy connectable (engine/connection) or database string URI or sqlite3 DBAPI2 connection. Other DBAPI2 objects are not tested. Please consider using SQLAlchemy.

/root/dev/HomeBudget_Dash/src/utl/db.py:60: UserWarning:

pandas only supports SQLAlchemy connectable (engine/connection) or database string URI or sqlite3 DBAPI2 connection. Other DBAPI2 objects are not tested. Please consider using SQLAlchemy.

/root/dev/HomeBudget_Dash/src/utl/db.py:60: UserWarning:

pandas only supports SQLAlchemy connectable (engine/connection) or database string URI or sqlite3 DBAPI2 connection. Other DBAPI2 objects are not tested. Please consider using SQLAlchemy.

/root/dev/HomeBudget_Dash/src/utl/db.py:60: UserWarning:

pandas only supports SQLAlchemy connectable (engine/connection) or database string URI or sqlite3 DBAPI2 connection. Other DBAPI2 objects are not tested. Please consider using SQLAlchemy.

/root/dev/HomeBudget_Dash/src/utl/db.py:60: UserWarning:

pandas only supports SQLAlchemy connectable (engine/connection) or database string URI or sqlite3 DBAPI2 connection. Other DBAPI2 objects are not tested. Please consider using SQLAlchemy.

/root/dev/HomeBudget_Dash/src/utl/db.py:60: UserWarning:

pandas only supports SQLAlchemy connectable (engine/connection) or database string URI or sqlite3 DBAPI2 connection. Other DBAPI2 objects are not tested. Please consider using SQLAlchemy.

/root/dev/HomeBudget_Dash/src/utl/db.py:60: UserWarning:

pandas only supports SQLAlchemy connectable (engine/connection) or database string URI or sqlite3 DBAPI2 connection. Other DBAPI2 objects are not tested. Please consider using SQLAlchemy.

/root/dev/HomeBudget_Dash/src/utl/db.py:60: UserWarning:

pandas only supports SQLAlchemy connectable (engine/connection) or database string URI or sqlite3 DBAPI2 connection. Other DBAPI2 objects are not tested. Please consider using SQLAlchemy.

/root/dev/HomeBudget_Dash/src/utl/db.py:60: UserWarning: pandas only supports SQLAlchemy connectable (engine/connection) or database string URI or sqlite3 DBAPI2 connection. Other DBAPI2 objects are not tested. Please consider using SQLAlchemy.
  results = pd.read_sql(select_query, conn)
/root/dev/HomeBudget_Dash/src/utl/db.py:28: UserWarning:

pandas only supports SQLAlchemy connectable (engine/connection) or database string URI or sqlite3 DBAPI2 connection. Other DBAPI2 objects are not tested. Please consider using SQLAlchemy.

/root/dev/HomeBudget_Dash/src/utl/db.py:28: UserWarning:

pandas only supports SQLAlchemy connectable (engine/connection) or database string URI or sqlite3 DBAPI2 connection. Other DBAPI2 objects are not tested. Please consider using SQLAlchemy.

/root/dev/HomeBudget_Dash/src/utl/db.py:60: UserWarning: pandas only supports SQLAlchemy connectable (engine/connection) or database string URI or sqlite3 DBAPI2 connection. Other DBAPI2 objects are not tested. Please consider using SQLAlchemy.
  results = pd.read_sql(select_query, conn)
/root/dev/HomeBudget_Dash/src/utl/db.py:28: UserWarning:

pandas only supports SQLAlchemy connectable (engine/connection) or database string URI or sqlite3 DBAPI2 connection. Other DBAPI2 objects are not tested. Please consider using SQLAlchemy.

/root/dev/HomeBudget_Dash/src/utl/db.py:60: UserWarning: pandas only supports SQLAlchemy connectable (engine/connection) or database string URI or sqlite3 DBAPI2 connection. Other DBAPI2 objects are not tested. Please consider using SQLAlchemy.
  results = pd.read_sql(select_query, conn)
Traceback (most recent call last):
  File "/root/dev/HomeBudget_Dash/src/main.py", line 7, in <module>
    import callbacks.tab_4_spendings_finder
  File "/root/dev/HomeBudget_Dash/src/callbacks/tab_4_spendings_finder.py", line 6, in <module>
    from backend.tab_4_search_spendings import search_spendings
  File "/root/dev/HomeBudget_Dash/src/backend/tab_4_search_spendings.py", line 2
    rom dash import html
        ^^^^
SyntaxError: invalid syntax
/root/dev/HomeBudget_Dash/src/utl/db.py:60: UserWarning: pandas only supports SQLAlchemy connectable (engine/connection) or database string URI or sqlite3 DBAPI2 connection. Other DBAPI2 objects are not tested. Please consider using SQLAlchemy.
  results = pd.read_sql(select_query, conn)
Dash is running on http://0.0.0.0:2000/

 * Serving Flask app 'app'
 * Debug mode: on
/root/dev/HomeBudget_Dash/src/utl/db.py:60: UserWarning: pandas only supports SQLAlchemy connectable (engine/connection) or database string URI or sqlite3 DBAPI2 connection. Other DBAPI2 objects are not tested. Please consider using SQLAlchemy.
  results = pd.read_sql(select_query, conn)
/root/dev/HomeBudget_Dash/src/utl/db.py:28: UserWarning:

pandas only supports SQLAlchemy connectable (engine/connection) or database string URI or sqlite3 DBAPI2 connection. Other DBAPI2 objects are not tested. Please consider using SQLAlchemy.

/root/dev/HomeBudget_Dash/src/utl/db.py:28: UserWarning:

pandas only supports SQLAlchemy connectable (engine/connection) or database string URI or sqlite3 DBAPI2 connection. Other DBAPI2 objects are not tested. Please consider using SQLAlchemy.

